Queue started
[2021-07-29 07:12:10][26] Processing: App\Jobs\NewUserNotifyJobs
[2021-07-29 07:14:20][32] Processing: App\Jobs\NewUserNotifyJobs
Queue started
[2021-07-29 08:35:30][34] Processing: App\Jobs\NewUserNotifyJobs
[2021-07-29 08:36:01][35] Processing: App\Jobs\NewUserNotifyJobs
[2021-07-29 08:56:52][38] Processing: App\Jobs\NewUserNotifyJobs
[2021-07-29 08:59:51][40] Processing: App\Jobs\NewUserNotifyJobs
[2021-07-29 09:00:22][41] Processing: App\Jobs\NewUserNotifyJobs
[2021-07-29 09:00:52][42] Processing: App\Jobs\NewUserNotifyJobs
[2021-07-29 09:00:53][42] Failed:     App\Jobs\NewUserNotifyJobs
Queue started
Queue started
[2021-08-02 09:16:47][43] Processing: App\Jobs\SendMail
[2021-08-02 09:17:17][44] Processing: App\Jobs\SendMail
[2021-08-02 09:17:47][45] Processing: App\Jobs\SendMail
[2021-08-02 09:17:47][45] Failed:     App\Jobs\SendMail
[2021-08-02 09:55:48][46] Processing: App\Jobs\BambooHrJobs
[2021-08-02 09:58:48][46] Processing: App\Jobs\BambooHrJobs
[2021-08-02 09:58:48][46] Processed:  App\Jobs\BambooHrJobs
[2021-08-02 09:58:48][47] Processing: App\Events\BambooEvent
[2021-08-02 09:58:48][47] Processed:  App\Events\BambooEvent
[2021-08-02 10:01:17][48] Processing: App\Jobs\BambooHrJobs
[2021-08-02 10:01:48][46] Processed:  App\Jobs\BambooHrJobs
[2021-08-02 10:01:48][50] Processing: App\Events\BambooEvent
[2021-08-02 10:01:48][50] Processed:  App\Events\BambooEvent
[2021-08-02 10:04:19][48] Processed:  App\Jobs\BambooHrJobs
[2021-08-02 10:04:19][52] Processing: App\Events\BambooEvent
[2021-08-02 10:04:19][52] Processed:  App\Events\BambooEvent
Queue started
Queue started
Queue started
Queue started
[2021-07-29 07:10:48][22] Processing: App\Jobs\NewUserNotifyJobs
[2021-07-29 07:11:19][23] Processing: App\Jobs\NewUserNotifyJobs
[2021-07-29 07:11:40][25] Processing: App\Jobs\NewUserNotifyJobs
[2021-07-29 07:11:49][24] Processing: App\Jobs\NewUserNotifyJobs
[2021-07-29 07:11:49][24] Failed:     App\Jobs\NewUserNotifyJobs
[2021-07-29 07:12:37][28] Processing: App\Jobs\NewUserNotifyJobs
[2021-07-29 07:12:40][27] Processing: App\Jobs\NewUserNotifyJobs
[2021-07-29 07:12:41][27] Failed:     App\Jobs\NewUserNotifyJobs
[2021-07-29 07:13:08][29] Processing: App\Jobs\NewUserNotifyJobs
[2021-07-29 07:13:38][30] Processing: App\Jobs\NewUserNotifyJobs
[2021-07-29 07:13:38][30] Failed:     App\Jobs\NewUserNotifyJobs
[2021-07-29 07:13:49][31] Processing: App\Jobs\NewUserNotifyJobs
[2021-07-29 07:14:50][33] Processing: App\Jobs\NewUserNotifyJobs
[2021-07-29 07:14:51][33] Failed:     App\Jobs\NewUserNotifyJobs
[2021-07-29 08:36:31][36] Processing: App\Jobs\NewUserNotifyJobs
[2021-07-29 08:36:31][36] Failed:     App\Jobs\NewUserNotifyJobs
[2021-07-29 08:56:22][37] Processing: App\Jobs\NewUserNotifyJobs
[2021-07-29 08:57:22][39] Processing: App\Jobs\NewUserNotifyJobs
[2021-07-29 08:57:23][39] Failed:     App\Jobs\NewUserNotifyJobs
[2021-08-02 09:57:18][46] Processing: App\Jobs\BambooHrJobs
[2021-08-02 09:59:48][48] Processing: App\Jobs\BambooHrJobs
[2021-08-02 10:00:19][46] Processed:  App\Jobs\BambooHrJobs
[2021-08-02 10:00:19][49] Processing: App\Events\BambooEvent
[2021-08-02 10:00:19][49] Processed:  App\Events\BambooEvent
[2021-08-02 10:02:47][48] Processing: App\Jobs\BambooHrJobs
[2021-08-02 10:02:48][48] Processed:  App\Jobs\BambooHrJobs
[2021-08-02 10:02:48][51] Processing: App\Events\BambooEvent
[2021-08-02 10:02:48][51] Processed:  App\Events\BambooEvent
[2021-08-02 10:05:50][48] Processed:  App\Jobs\BambooHrJobs
[2021-08-02 10:05:50][53] Processing: App\Events\BambooEvent
[2021-08-02 10:05:50][53] Processed:  App\Events\BambooEvent
[2021-08-03 15:06:03][58] Processing: App\Jobs\ClockifyTeamMemberJobs
[2021-08-03 15:06:05][59] Processing: App\Jobs\ClockifyTeamMemberJobs
[2021-08-03 15:06:33][58] Processed:  App\Jobs\ClockifyTeamMemberJobs
[2021-08-03 15:06:33][61] Processing: App\Events\TaskEvent
[2021-08-03 15:06:33][61] Processed:  App\Events\TaskEvent
[2021-08-03 15:06:36][59] Processed:  App\Jobs\ClockifyTeamMemberJobs
[2021-08-03 15:06:36][62] Processing: App\Events\TaskEvent
[2021-08-03 15:06:36][62] Processed:  App\Events\TaskEvent
[2021-08-03 15:06:36][63] Processing: App\Jobs\ClockifyTeamMemberJobs
[2021-08-03 15:07:07][63] Processed:  App\Jobs\ClockifyTeamMemberJobs
[2021-08-03 15:07:07][64] Processing: App\Events\TaskEvent
[2021-08-03 15:07:07][64] Processed:  App\Events\TaskEvent
[2021-08-03 15:37:52][65] Processing: App\Jobs\NewUserNotifyJobs
[2021-08-03 15:38:22][66] Processing: App\Jobs\NewUserNotifyJobs
[2021-08-03 15:38:53][67] Processing: App\Jobs\NewUserNotifyJobs
[2021-08-03 15:38:53][67] Failed:     App\Jobs\NewUserNotifyJobs
[2021-08-03 15:57:28][68] Processing: App\Jobs\NewUserNotifyJobs
[2021-08-03 15:58:29][70] Processing: App\Jobs\NewUserNotifyJobs
[2021-08-03 15:58:29][70] Failed:     App\Jobs\NewUserNotifyJobs
[2021-08-03 16:20:45][71] Processing: App\Jobs\SendMail
[2021-08-03 16:21:15][72] Processing: App\Jobs\SendMail
[2021-08-03 16:21:45][73] Processing: App\Jobs\SendMail
[2021-08-03 16:21:45][73] Failed:     App\Jobs\SendMail
[2021-08-03 16:21:58][74] Processing: App\Jobs\SendMail
[2021-08-03 16:22:28][75] Processing: App\Jobs\SendMail
[2021-08-03 16:22:59][76] Processing: App\Jobs\SendMail
[2021-08-03 16:22:59][76] Failed:     App\Jobs\SendMail
[2021-08-03 16:26:27][77] Processing: App\Jobs\SendMail
[2021-08-03 16:37:54][80] Processing: App\Jobs\ClockifyTeamMemberJobs
[2021-08-03 16:38:13][81] Processing: App\Jobs\ClockifyTeamMemberJobs
[2021-08-03 16:38:21][82] Processing: App\Jobs\ClockifyTeamMemberJobs
[2021-08-03 16:38:24][80] Processed:  App\Jobs\ClockifyTeamMemberJobs
[2021-08-03 16:38:24][83] Processing: App\Events\TaskEvent
[2021-08-03 16:38:24][83] Processed:  App\Events\TaskEvent
[2021-08-03 16:38:43][81] Processed:  App\Jobs\ClockifyTeamMemberJobs
[2021-08-03 16:38:43][84] Processing: App\Events\TaskEvent
[2021-08-03 16:38:43][84] Processed:  App\Events\TaskEvent
[2021-08-03 16:38:51][82] Processed:  App\Jobs\ClockifyTeamMemberJobs
[2021-08-03 16:38:51][85] Processing: App\Events\TaskEvent
[2021-08-03 16:38:51][85] Processed:  App\Events\TaskEvent
[2021-08-03 16:43:07][86] Processing: App\Jobs\SendMail
[2021-08-03 16:43:37][87] Processing: App\Jobs\SendMail
[2021-08-03 16:44:07][88] Processing: App\Jobs\SendMail
[2021-08-03 16:44:07][88] Failed:     App\Jobs\SendMail
[2021-08-03 16:54:23][89] Processing: App\Jobs\SendMail
[2021-08-03 16:54:53][90] Processing: App\Jobs\SendMail
[2021-08-03 16:55:19][92] Processing: App\Jobs\SendMail
[2021-08-03 16:55:23][91] Processing: App\Jobs\SendMail
[2021-08-03 16:55:23][91] Failed:     App\Jobs\SendMail
[2021-08-03 16:55:49][93] Processing: App\Jobs\SendMail
[2021-08-03 16:56:19][94] Processing: App\Jobs\SendMail
[2021-08-03 16:56:19][94] Failed:     App\Jobs\SendMail
Queue started
Queue started
Queue started
[2021-08-06 11:42:37][98] Processing: App\Jobs\NewUserNotifyJobs
[2021-08-06 14:12:09][101] Processing: App\Jobs\NewUserNotifyJobs
[2021-08-06 14:12:40][102] Processing: App\Jobs\NewUserNotifyJobs
[2021-08-06 14:13:11][103] Processing: App\Jobs\NewUserNotifyJobs
[2021-08-06 14:13:11][103] Failed:     App\Jobs\NewUserNotifyJobs
[2021-08-06 14:41:45][105] Processing: App\Jobs\NewUserNotifyJobs
[2021-08-06 14:50:46][110] Processing: App\Jobs\BambooHrJobs
[2021-08-06 14:53:45][110] Processed:  App\Jobs\BambooHrJobs
[2021-08-06 14:53:45][112] Processing: App\Events\BambooEvent
[2021-08-06 14:53:45][112] Processed:  App\Events\BambooEvent
Queue started
Queue started
Queue started
Queue started
Queue started
Queue started
[2021-08-12 14:12:57][113] Processing: App\Jobs\SendMail
[2021-08-17 13:20:02][117] Processing: App\Jobs\SendMail
[2021-08-19 10:16:04][123] Processing: App\Jobs\NewUserNotifyJobs
[2021-08-19 10:16:35][124] Processing: App\Jobs\NewUserNotifyJobs
[2021-08-19 10:16:35][124] Failed:     App\Jobs\NewUserNotifyJobs
[2021-08-19 10:38:30][129] Processing: App\Jobs\SendMail
[2021-08-19 10:39:00][130] Processing: App\Jobs\SendMail
[2021-08-19 10:39:00][130] Failed:     App\Jobs\SendMail
[2021-08-19 10:52:17][131] Processing: App\Jobs\NewUserNotifyJobs
[2021-08-19 12:01:46][135] Processing: App\Jobs\SendMail
[2021-08-19 12:02:16][136] Processing: App\Jobs\SendMail
[2021-08-19 12:02:16][136] Failed:     App\Jobs\SendMail
[2021-08-25 10:00:18][137] Processing: App\Jobs\TestJobs
[2021-08-25 10:00:38][137] Processed:  App\Jobs\TestJobs
[2021-08-25 10:00:38][139] Processing: App\Events\BambooEvent
[2021-08-25 10:00:38][139] Processed:  App\Events\BambooEvent
[2021-08-25 10:42:15][143] Processing: App\Jobs\NewUserNotifyJobs
[2021-08-25 10:43:16][145] Processing: App\Jobs\NewUserNotifyJobs
[2021-08-25 10:43:17][145] Failed:     App\Jobs\NewUserNotifyJobs
Queue started
[2021-08-27 09:00:07][7] Processing: App\Jobs\SendMail
[2021-08-27 09:00:09][7] Processed:  App\Jobs\SendMail
[2021-08-27 09:00:09][8] Processing: App\Events\TaskEvent
[2021-08-27 09:00:09][8] Processed:  App\Events\TaskEvent
[2021-08-27 09:00:09][9] Processing: App\Events\TaskEvent
[2021-08-27 09:00:09][9] Processed:  App\Events\TaskEvent
[2021-08-27 09:00:09][10] Processing: App\Events\TaskEvent
[2021-08-27 09:00:09][10] Processed:  App\Events\TaskEvent
[2021-08-27 09:00:09][11] Processing: App\Jobs\SendMail
[2021-08-27 09:00:10][11] Processed:  App\Jobs\SendMail
[2021-08-27 09:00:10][12] Processing: App\Jobs\SendMail
[2021-08-27 09:00:10][12] Processed:  App\Jobs\SendMail
[2021-08-27 09:00:10][13] Processing: App\Jobs\SendMail
[2021-08-27 09:00:11][13] Processed:  App\Jobs\SendMail
[2021-08-27 09:00:11][14] Processing: App\Jobs\SendMail
[2021-08-27 09:00:12][14] Processed:  App\Jobs\SendMail
[2021-08-27 09:00:12][15] Processing: App\Jobs\SendMail
[2021-08-27 09:00:13][15] Processed:  App\Jobs\SendMail
[2021-08-27 09:00:13][16] Processing: App\Jobs\SendMail
[2021-08-27 09:00:14][16] Processed:  App\Jobs\SendMail
[2021-08-27 09:00:14][17] Processing: App\Jobs\SendMail
[2021-08-27 09:00:14][17] Processed:  App\Jobs\SendMail
[2021-08-27 09:00:14][18] Processing: App\Jobs\SendMail
[2021-08-27 09:00:15][18] Processed:  App\Jobs\SendMail
[2021-08-27 09:00:15][19] Processing: App\Jobs\SendMail
[2021-08-27 09:00:16][19] Processed:  App\Jobs\SendMail
[2021-08-27 09:00:16][20] Processing: App\Jobs\SendMail
[2021-08-27 09:00:17][20] Processed:  App\Jobs\SendMail
[2021-08-27 09:00:17][21] Processing: App\Jobs\SendMail
[2021-08-27 09:00:18][21] Processed:  App\Jobs\SendMail
[2021-08-27 09:00:18][22] Processing: App\Jobs\SendMail
[2021-08-27 09:00:18][22] Processed:  App\Jobs\SendMail
[2021-08-27 09:00:19][23] Processing: App\Jobs\SendMail
[2021-08-27 09:00:19][23] Processed:  App\Jobs\SendMail
[2021-08-27 09:17:44][24] Processing: App\Jobs\SendMail
[2021-08-27 09:17:44][24] Processed:  App\Jobs\SendMail
[2021-08-27 09:31:23][25] Processing: App\Jobs\SendMail
[2021-08-27 09:31:24][25] Processed:  App\Jobs\SendMail

/var/www/asabeee.com/public_html/asabeee/queuework.sh: line 4: cd: /var/www/html/asabeee.dev/: No such file or directory
[2022-05-27 17:01:01][4] Processing: App\Jobs\NewUserJob
[2022-05-27 17:01:03][4] Processed:  App\Jobs\NewUserJob
